<?xml version="1.0" encoding="UTF-8"?>
<!-- Generated by org.testng.reporters.JUnitXMLReporter -->
<testsuite hostname="stefan-note" name="Regression" tests="3" failures="0" timestamp="7 Apr 2014 03:39:31 GMT" time="13.88" errors="0">
  <testcase name="adicionarLivroCarrinho" time="3.898" classname="ghostdriver.tests.CarrinhoComprasTest"/>
  <testcase name="adicionarLivroParaComparacao" time="2.207" classname="ghostdriver.tests.CompararProdutosTest"/>
  <testcase name="verificarNumeroCategorias" time="1.936" classname="ghostdriver.tests.MapaSiteTest"/>
</testsuite> <!-- Regression -->
