<?xml version="1.0" encoding="UTF-8"?>
<testng-results skipped="0" failed="0" total="2" passed="2">
  <reporter-output>
  </reporter-output>
  <suite name="Default suite" duration-ms="6171" started-at="2014-04-07T03:49:49Z" finished-at="2014-04-07T03:49:55Z">
    <groups>
    </groups>
    <test name="Default test" duration-ms="6171" started-at="2014-04-07T03:49:49Z" finished-at="2014-04-07T03:49:55Z">
      <class name="ghostdriver.tests.MapaSiteTest">
        <test-method status="PASS" signature="setUp()[pri:0, instance:ghostdriver.tests.MapaSiteTest@5b19537a]" name="setUp" is-config="true" duration-ms="1577" started-at="2014-04-07T00:49:49Z" finished-at="2014-04-07T00:49:50Z">
          <reporter-output>
          </reporter-output>
        </test-method> <!-- setUp -->
        <test-method status="PASS" signature="verificarNumeroCategorias()[pri:0, instance:ghostdriver.tests.MapaSiteTest@5b19537a]" name="verificarNumeroCategorias" duration-ms="1842" started-at="2014-04-07T00:49:50Z" finished-at="2014-04-07T00:49:52Z">
          <reporter-output>
          </reporter-output>
        </test-method> <!-- verificarNumeroCategorias -->
        <test-method status="PASS" signature="verificarNumeroProdutos()[pri:0, instance:ghostdriver.tests.MapaSiteTest@5b19537a]" name="verificarNumeroProdutos" duration-ms="1679" started-at="2014-04-07T00:49:52Z" finished-at="2014-04-07T00:49:54Z">
          <reporter-output>
          </reporter-output>
        </test-method> <!-- verificarNumeroProdutos -->
        <test-method status="PASS" signature="tearDown()[pri:0, instance:ghostdriver.tests.MapaSiteTest@5b19537a]" name="tearDown" is-config="true" duration-ms="1062" started-at="2014-04-07T00:49:54Z" finished-at="2014-04-07T00:49:55Z">
          <reporter-output>
          </reporter-output>
        </test-method> <!-- tearDown -->
      </class> <!-- ghostdriver.tests.MapaSiteTest -->
    </test> <!-- Default test -->
  </suite> <!-- Default suite -->
</testng-results>
